<?xml version="1.0" encoding="UTF-8"?>
<testng-results ignored="0" total="2" passed="2" failed="0" skipped="0">
  <reporter-output>
  </reporter-output>
  <suite started-at="2025-11-27T16:47:17 IST" name="Default suite" finished-at="2025-11-27T16:47:25 IST" duration-ms="7745">
    <groups>
      <group name="cucumber">
        <method signature="AbstractTestNGCucumberTests.runScenario(io.cucumber.testng.PickleWrapper,io.cucumber.testng.FeatureWrapper)[pri:0, instance:cucumberoptions.TestNGRunner@52f27fbd]" name="runScenario" class="io.cucumber.testng.AbstractTestNGCucumberTests"/>
      </group> <!-- cucumber -->
    </groups>
    <test started-at="2025-11-27T16:47:17 IST" name="Default test" finished-at="2025-11-27T16:47:25 IST" duration-ms="7745">
      <class name="cucumberoptions.TestNGRunner">
        <test-method is-config="true" signature="setUpClass(org.testng.ITestContext)[pri:0, instance:cucumberoptions.TestNGRunner@52f27fbd]" started-at="2025-11-27T16:47:17 IST" name="setUpClass" finished-at="2025-11-27T16:47:18 IST" duration-ms="707" status="PASS">
          <params>
            <param index="0">
              <value>
                <![CDATA[org.testng.TestRunner@6acffb2d]]>
              </value>
            </param>
          </params>
          <reporter-output>
          </reporter-output>
        </test-method> <!-- setUpClass -->
        <test-method signature="runScenario(io.cucumber.testng.PickleWrapper,io.cucumber.testng.FeatureWrapper)[pri:0, instance:cucumberoptions.TestNGRunner@52f27fbd]" started-at="2025-11-27T16:47:18 IST" name="runScenario" description="Runs Cucumber Scenarios" data-provider="scenarios" finished-at="2025-11-27T16:47:22 IST" duration-ms="3740" status="PASS">
          <params>
            <param index="0">
              <value>
                <![CDATA["verify productname on homepage and on deals are same"]]>
              </value>
            </param>
            <param index="1">
              <value>
                <![CDATA["search product funtionality"]]>
              </value>
            </param>
          </params>
          <reporter-output>
          </reporter-output>
        </test-method> <!-- runScenario -->
        <test-method signature="runScenario(io.cucumber.testng.PickleWrapper,io.cucumber.testng.FeatureWrapper)[pri:0, instance:cucumberoptions.TestNGRunner@52f27fbd]" started-at="2025-11-27T16:47:22 IST" name="runScenario" description="Runs Cucumber Scenarios" data-provider="scenarios" finished-at="2025-11-27T16:47:25 IST" duration-ms="2959" status="PASS">
          <params>
            <param index="0">
              <value>
                <![CDATA["verify productname on homepage and on deals are same"]]>
              </value>
            </param>
            <param index="1">
              <value>
                <![CDATA["search product funtionality"]]>
              </value>
            </param>
          </params>
          <reporter-output>
          </reporter-output>
        </test-method> <!-- runScenario -->
        <test-method is-config="true" signature="tearDownClass()[pri:0, instance:cucumberoptions.TestNGRunner@52f27fbd]" started-at="2025-11-27T16:47:25 IST" name="tearDownClass" finished-at="2025-11-27T16:47:25 IST" duration-ms="294" status="PASS">
          <reporter-output>
          </reporter-output>
        </test-method> <!-- tearDownClass -->
      </class> <!-- cucumberoptions.TestNGRunner -->
    </test> <!-- Default test -->
  </suite> <!-- Default suite -->
</testng-results>
