<?xml version="1.0" encoding="UTF-8"?>
<!-- Generated by org.testng.reporters.JUnitReportReporter -->
<testsuite hostname="LAPTOP-S8VFABQT" failures="1" tests="1" name="cucumberoptions.failedTestNGRunner" time="3.916" errors="0" timestamp="2025-10-13T17:33:15 IST" skipped="0">
  <testcase classname="cucumberoptions.failedTestNGRunner" name="runScenario" time="3.916">
    <failure message="expected [No data] but found [Beetroot]" type="java.lang.AssertionError">
      <![CDATA[java.lang.AssertionError: expected [No data] but found [Beetroot]
at org.testng.Assert.fail(Assert.java:111)
at org.testng.Assert.failNotEquals(Assert.java:1578)
at org.testng.Assert.assertEqualsImpl(Assert.java:150)
at org.testng.Assert.assertEquals(Assert.java:132)
at org.testng.Assert.assertEquals(Assert.java:656)
at org.testng.Assert.assertEquals(Assert.java:666)
at stepdefinition.dealspagestep.user_searches_with_same_shortname_on_dealspage_full_productname_on_deals_should_match_fullname_on_homepage(dealspagestep.java:31)
at âœ½.user searches with same shortname beet on dealspage full productname on deals should match fullname on homepage(file:///C:/Users/91832/eclipse-workspace/ecommercebdd/src/test/java/Features/testcase1.feature:9)
]]>
    </failure>
  </testcase> <!-- runScenario -->
</testsuite> <!-- cucumberoptions.failedTestNGRunner -->
